<?xml version="1.0" encoding="UTF-8"?>
<!-- Generated by org.testng.reporters.JUnitXMLReporter -->
<testsuite ignored="15" hostname="DESKTOP-3F75N2A" failures="0" tests="3" name="smoke" time="20.866" errors="0" timestamp="2023-08-05T13:03:37 IST">
  <testcase classname="com.mystore.testcases.LoginPageTest" name="loginTest" time="12.013"/>
  <testcase classname="com.mystore.testcases.IndexPageTest" name="VerifyLogo" time="0.245"/>
  <testcase classname="com.mystore.testcases.IndexPageTest" name="VerifyTitle" time="0.033"/>
  <testcase classname="com.mystore.base.BaseClass" name="@BeforeSuite loadConfig" time="0.0">
    <ignored/>
  </testcase> <!-- @BeforeSuite loadConfig -->
  <testcase classname="com.mystore.base.BaseClass" name="@BeforeSuite loadConfig" time="0.0">
    <ignored/>
  </testcase> <!-- @BeforeSuite loadConfig -->
  <testcase classname="com.mystore.base.BaseClass" name="@BeforeSuite loadConfig" time="0.0">
    <ignored/>
  </testcase> <!-- @BeforeSuite loadConfig -->
  <testcase classname="com.mystore.base.BaseClass" name="@BeforeSuite loadConfig" time="0.0">
    <ignored/>
  </testcase> <!-- @BeforeSuite loadConfig -->
  <testcase classname="com.mystore.base.BaseClass" name="@BeforeSuite loadConfig" time="0.0">
    <ignored/>
  </testcase> <!-- @BeforeSuite loadConfig -->
  <testcase classname="com.mystore.testcases.OrderSummeryPageTest" name="VerifyAddToCart" time="0.0">
    <ignored/>
  </testcase> <!-- VerifyAddToCart -->
  <testcase classname="com.mystore.testcases.OrderConfirmationPageTest" name="VerifyAddToCart" time="0.0">
    <ignored/>
  </testcase> <!-- VerifyAddToCart -->
  <testcase classname="com.mystore.base.BaseClass" name="@BeforeSuite loadConfig" time="0.0">
    <ignored/>
  </testcase> <!-- @BeforeSuite loadConfig -->
  <testcase classname="com.mystore.testcases.PaymentPageTest" name="VerifyAddToCart" time="0.0">
    <ignored/>
  </testcase> <!-- VerifyAddToCart -->
  <testcase classname="com.mystore.testcases.HomePageTest" name="VerifyMyorders" time="0.0">
    <ignored/>
  </testcase> <!-- VerifyMyorders -->
  <testcase classname="com.mystore.testcases.SearchResultPageTest" name="VerifyProduct" time="0.0">
    <ignored/>
  </testcase> <!-- VerifyProduct -->
  <testcase classname="com.mystore.base.BaseClass" name="@BeforeSuite loadConfig" time="0.0">
    <ignored/>
  </testcase> <!-- @BeforeSuite loadConfig -->
  <testcase classname="com.mystore.testcases.AccountCreationPageTest" name="VerifyAccount" time="0.0">
    <ignored/>
  </testcase> <!-- VerifyAccount -->
  <testcase classname="com.mystore.testcases.AddToCartPageTest" name="VerifyAddToCart" time="0.0">
    <ignored/>
  </testcase> <!-- VerifyAddToCart -->
  <testcase classname="com.mystore.base.BaseClass" name="@BeforeSuite loadConfig" time="0.0">
    <ignored/>
  </testcase> <!-- @BeforeSuite loadConfig -->
</testsuite> <!-- smoke -->
